<?xml version="1.0" encoding="UTF-8"?>
<!-- Generated by org.testng.reporters.JUnitXMLReporter -->
<testsuite hostname="DESKTOP-33TILLP" ignored="0" name="Test" tests="2" failures="1" timestamp="29 Apr 2020 11:06:08 GMT" time="41.743" errors="0">
  <testcase name="f" time="14.761" classname="LearningMaven.PracticeMavenProject.Maven1Test">
    <failure type="junit.framework.ComparisonFailure" message="expected:&amp;lt;+1 617-495-6000&amp;gt; but was:&amp;lt;Boston, MA 02163, United States&amp;gt;">
      <![CDATA[junit.framework.ComparisonFailure: expected:<+1 617-495-6000> but was:<Boston, MA 02163, United States>
at junit.framework.Assert.assertEquals(Assert.java:81)
at junit.framework.Assert.assertEquals(Assert.java:87)
at LearningMaven.PracticeMavenProject.Maven1Test.f(Maven1Test.java:26)
... Removed 34 stack frames]]>
    </failure>
  </testcase> <!-- f -->
  <testcase name="f4" time="1.968" classname="LearningMaven.PracticeMavenProject.Maven4Test"/>
</testsuite> <!-- Test -->
