<?xml version="1.0" encoding="UTF-8"?>
<testng-results skipped="0" failed="1" ignored="0" total="2" passed="1">
  <reporter-output>
  </reporter-output>
  <suite name="Suite" duration-ms="41743" started-at="2020-04-29T11:05:27Z" finished-at="2020-04-29T11:06:08Z">
    <groups>
    </groups>
    <test name="Test" duration-ms="41743" started-at="2020-04-29T11:05:27Z" finished-at="2020-04-29T11:06:08Z">
      <class name="LearningMaven.PracticeMavenProject.Maven1Test">
        <test-method status="PASS" signature="beforeClass()[pri:0, instance:LearningMaven.PracticeMavenProject.Maven1Test@3bd94634]" name="beforeClass" is-config="true" duration-ms="9319" started-at="2020-04-29T11:05:27Z" finished-at="2020-04-29T11:05:36Z">
          <reporter-output>
          </reporter-output>
        </test-method> <!-- beforeClass -->
        <test-method status="FAIL" signature="f()[pri:0, instance:LearningMaven.PracticeMavenProject.Maven1Test@3bd94634]" name="f" duration-ms="14761" started-at="2020-04-29T11:05:36Z" finished-at="2020-04-29T11:05:51Z">
          <exception class="junit.framework.ComparisonFailure">
            <message>
              <![CDATA[expected:<+1 617-495-6000> but was:<Boston, MA 02163, United States>]]>
            </message>
            <full-stacktrace>
              <![CDATA[junit.framework.ComparisonFailure: expected:<+1 617-495-6000> but was:<Boston, MA 02163, United States>
at junit.framework.Assert.assertEquals(Assert.java:81)
at junit.framework.Assert.assertEquals(Assert.java:87)
at LearningMaven.PracticeMavenProject.Maven1Test.f(Maven1Test.java:26)
at sun.reflect.NativeMethodAccessorImpl.invoke0(Native Method)
at sun.reflect.NativeMethodAccessorImpl.invoke(NativeMethodAccessorImpl.java:62)
at sun.reflect.DelegatingMethodAccessorImpl.invoke(DelegatingMethodAccessorImpl.java:43)
at java.lang.reflect.Method.invoke(Method.java:498)
at org.testng.internal.MethodInvocationHelper.invokeMethod(MethodInvocationHelper.java:124)
at org.testng.internal.Invoker.invokeMethod(Invoker.java:583)
at org.testng.internal.Invoker.invokeTestMethod(Invoker.java:719)
at org.testng.internal.Invoker.invokeTestMethods(Invoker.java:989)
at org.testng.internal.TestMethodWorker.invokeTestMethods(TestMethodWorker.java:125)
at org.testng.internal.TestMethodWorker.run(TestMethodWorker.java:109)
at org.testng.TestRunner.privateRun(TestRunner.java:648)
at org.testng.TestRunner.run(TestRunner.java:505)
at org.testng.SuiteRunner.runTest(SuiteRunner.java:455)
at org.testng.SuiteRunner.runSequentially(SuiteRunner.java:450)
at org.testng.SuiteRunner.privateRun(SuiteRunner.java:415)
at org.testng.SuiteRunner.run(SuiteRunner.java:364)
at org.testng.SuiteRunnerWorker.runSuite(SuiteRunnerWorker.java:52)
at org.testng.SuiteRunnerWorker.run(SuiteRunnerWorker.java:84)
at org.testng.TestNG.runSuitesSequentially(TestNG.java:1208)
at org.testng.TestNG.runSuitesLocally(TestNG.java:1137)
at org.testng.TestNG.runSuites(TestNG.java:1049)
at org.testng.TestNG.run(TestNG.java:1017)
at org.apache.maven.surefire.testng.TestNGExecutor.run(TestNGExecutor.java:178)
at org.apache.maven.surefire.testng.TestNGXmlTestSuite.execute(TestNGXmlTestSuite.java:92)
at org.apache.maven.surefire.testng.TestNGProvider.invoke(TestNGProvider.java:96)
at sun.reflect.NativeMethodAccessorImpl.invoke0(Native Method)
at sun.reflect.NativeMethodAccessorImpl.invoke(NativeMethodAccessorImpl.java:62)
at sun.reflect.DelegatingMethodAccessorImpl.invoke(DelegatingMethodAccessorImpl.java:43)
at java.lang.reflect.Method.invoke(Method.java:498)
at org.apache.maven.surefire.util.ReflectionUtils.invokeMethodWithArray2(ReflectionUtils.java:208)
at org.apache.maven.surefire.booter.ProviderFactory$ProviderProxy.invoke(ProviderFactory.java:159)
at org.apache.maven.surefire.booter.ProviderFactory.invokeProvider(ProviderFactory.java:87)
at org.apache.maven.surefire.booter.ForkedBooter.runSuitesInProcess(ForkedBooter.java:153)
at org.apache.maven.surefire.booter.ForkedBooter.main(ForkedBooter.java:95)
]]>
            </full-stacktrace>
          </exception> <!-- junit.framework.ComparisonFailure -->
          <reporter-output>
          </reporter-output>
        </test-method> <!-- f -->
        <test-method status="PASS" signature="afterClass()[pri:0, instance:LearningMaven.PracticeMavenProject.Maven1Test@3bd94634]" name="afterClass" is-config="true" duration-ms="849" started-at="2020-04-29T11:05:51Z" finished-at="2020-04-29T11:05:52Z">
          <reporter-output>
          </reporter-output>
        </test-method> <!-- afterClass -->
      </class> <!-- LearningMaven.PracticeMavenProject.Maven1Test -->
      <class name="LearningMaven.PracticeMavenProject.Maven4Test">
        <test-method status="PASS" signature="beforeClass()[pri:0, instance:LearningMaven.PracticeMavenProject.Maven4Test@58a90037]" name="beforeClass" is-config="true" duration-ms="13969" started-at="2020-04-29T11:05:52Z" finished-at="2020-04-29T11:06:06Z">
          <reporter-output>
          </reporter-output>
        </test-method> <!-- beforeClass -->
        <test-method status="PASS" signature="f4()[pri:0, instance:LearningMaven.PracticeMavenProject.Maven4Test@58a90037]" name="f4" duration-ms="1968" started-at="2020-04-29T11:06:06Z" finished-at="2020-04-29T11:06:08Z">
          <reporter-output>
          </reporter-output>
        </test-method> <!-- f4 -->
        <test-method status="PASS" signature="afterClass()[pri:0, instance:LearningMaven.PracticeMavenProject.Maven4Test@58a90037]" name="afterClass" is-config="true" duration-ms="811" started-at="2020-04-29T11:06:08Z" finished-at="2020-04-29T11:06:08Z">
          <reporter-output>
          </reporter-output>
        </test-method> <!-- afterClass -->
      </class> <!-- LearningMaven.PracticeMavenProject.Maven4Test -->
    </test> <!-- Test -->
  </suite> <!-- Suite -->
</testng-results>
