<?xml version="1.0" encoding="UTF-8"?>
<testsuite name="TestSuite" time="16.725" tests="2" errors="0" skipped="0" failures="1">
  <properties>
[...]
</properties>
  <testcase name="f" classname="LearningMaven.PracticeMavenProject.Maven1Test" time="14.757">
    <failure message="expected:&lt;+1 617-495-6000&gt; but was:&lt;Boston, MA 02163, United States&gt;" type="junit.framework.ComparisonFailure"><![CDATA[junit.framework.ComparisonFailure: expected:<+1 617-495-6000> but was:<Boston, MA 02163, United States>
	at junit.framework.Assert.assertEquals(Assert.java:81)
	at junit.framework.Assert.assertEquals(Assert.java:87)
	at LearningMaven.PracticeMavenProject.Maven1Test.f(Maven1Test.java:26)
]]></failure>
    <system-out>Header is: Harvard Business School
</system-out>
    <system-err>Starting ChromeDriver 2.40.565498 (ea082db3280dd6843ebfb08a625e3eb905c4f5ab) on port 42472
Only local connections are allowed.
Apr 29, 2020 4:35:33 PM org.openqa.selenium.remote.ProtocolHandshake createSession
INFO: Detected dialect: OSS
</system-err>
  </testcase>
  <testcase name="f4" classname="LearningMaven.PracticeMavenProject.Maven4Test" time="1.968"/>
</testsuite>